24 Jan 2017, 17:27:53.103 [   INFO] [   FXGL.SystemLogger] [                     main] System Logger is initialized
24 Jan 2017, 17:27:53.125 [  FINER] [   FXGL.SystemLogger] [                     main] Logging System Info
24 Jan 2017, 17:27:53.125 [  FINER] [   FXGL.SystemLogger] [                     main] CPU cores: 8
24 Jan 2017, 17:27:53.128 [  FINER] [   FXGL.SystemLogger] [                     main] Free Memory: 231MB
24 Jan 2017, 17:27:53.129 [  FINER] [   FXGL.SystemLogger] [                     main] Max Memory: 3544MB
24 Jan 2017, 17:27:53.129 [  FINER] [   FXGL.SystemLogger] [                     main] Total Memory: 240MB
24 Jan 2017, 17:27:53.130 [  FINER] [   FXGL.SystemLogger] [                     main] System Properties:
24 Jan 2017, 17:27:53.131 [  FINER] [   FXGL.SystemLogger] [                     main] sun.cpu.isalist=
24 Jan 2017, 17:27:53.132 [  FINER] [   FXGL.SystemLogger] [                     main] sun.desktop=gnome
24 Jan 2017, 17:27:53.132 [  FINER] [   FXGL.SystemLogger] [                     main] sun.io.unicode.encoding=UnicodeLittle
24 Jan 2017, 17:27:53.133 [  FINER] [   FXGL.SystemLogger] [                     main] sun.cpu.endian=little
24 Jan 2017, 17:27:53.133 [  FINER] [   FXGL.SystemLogger] [                     main] java.vendor.url.bug=http://bugreport.sun.com/bugreport/
24 Jan 2017, 17:27:53.134 [  FINER] [   FXGL.SystemLogger] [                     main] file.separator=/
24 Jan 2017, 17:27:53.134 [  FINER] [   FXGL.SystemLogger] [                     main] java.vendor=Oracle Corporation
24 Jan 2017, 17:27:53.134 [  FINER] [   FXGL.SystemLogger] [                     main] sun.boot.class.path=/home/vidhur2k/Downloads/JDK/jdk1.8.0_101/jre/lib/resources.jar:/home/vidhur2k/Downloads/JDK/jdk1.8.0_101/jre/lib/rt.jar:/home/vidhur2k/Downloads/JDK/jdk1.8.0_101/jre/lib/sunrsasign.jar:/home/vidhur2k/Downloads/JDK/jdk1.8.0_101/jre/lib/jsse.jar:/home/vidhur2k/Downloads/JDK/jdk1.8.0_101/jre/lib/jce.jar:/home/vidhur2k/Downloads/JDK/jdk1.8.0_101/jre/lib/charsets.jar:/home/vidhur2k/Downloads/JDK/jdk1.8.0_101/jre/lib/jfr.jar:/home/vidhur2k/Downloads/JDK/jdk1.8.0_101/jre/classes
24 Jan 2017, 17:27:53.135 [  FINER] [   FXGL.SystemLogger] [                     main] java.ext.dirs=/home/vidhur2k/Downloads/JDK/jdk1.8.0_101/jre/lib/ext:/usr/java/packages/lib/ext
24 Jan 2017, 17:27:53.135 [  FINER] [   FXGL.SystemLogger] [                     main] java.version=1.8.0_101
24 Jan 2017, 17:27:53.135 [  FINER] [   FXGL.SystemLogger] [                     main] java.vm.info=mixed mode
24 Jan 2017, 17:27:53.136 [  FINER] [   FXGL.SystemLogger] [                     main] awt.toolkit=sun.awt.X11.XToolkit
24 Jan 2017, 17:27:53.136 [  FINER] [   FXGL.SystemLogger] [                     main] user.language=en
24 Jan 2017, 17:27:53.137 [  FINER] [   FXGL.SystemLogger] [                     main] java.specification.vendor=Oracle Corporation
24 Jan 2017, 17:27:53.138 [  FINER] [   FXGL.SystemLogger] [                     main] sun.java.command=com.intellij.rt.execution.application.AppMain com.vidhur2k.Pacman.PacmanApp
24 Jan 2017, 17:27:53.138 [  FINER] [   FXGL.SystemLogger] [                     main] java.home=/home/vidhur2k/Downloads/JDK/jdk1.8.0_101/jre
24 Jan 2017, 17:27:53.138 [  FINER] [   FXGL.SystemLogger] [                     main] sun.arch.data.model=64
24 Jan 2017, 17:27:53.139 [  FINER] [   FXGL.SystemLogger] [                     main] java.vm.specification.version=1.8
24 Jan 2017, 17:27:53.139 [  FINER] [   FXGL.SystemLogger] [                     main] java.class.path=/home/vidhur2k/Downloads/JDK/jdk1.8.0_101/jre/lib/charsets.jar:/home/vidhur2k/Downloads/JDK/jdk1.8.0_101/jre/lib/deploy.jar:/home/vidhur2k/Downloads/JDK/jdk1.8.0_101/jre/lib/ext/cldrdata.jar:/home/vidhur2k/Downloads/JDK/jdk1.8.0_101/jre/lib/ext/dnsns.jar:/home/vidhur2k/Downloads/JDK/jdk1.8.0_101/jre/lib/ext/jaccess.jar:/home/vidhur2k/Downloads/JDK/jdk1.8.0_101/jre/lib/ext/jfxrt.jar:/home/vidhur2k/Downloads/JDK/jdk1.8.0_101/jre/lib/ext/localedata.jar:/home/vidhur2k/Downloads/JDK/jdk1.8.0_101/jre/lib/ext/nashorn.jar:/home/vidhur2k/Downloads/JDK/jdk1.8.0_101/jre/lib/ext/sunec.jar:/home/vidhur2k/Downloads/JDK/jdk1.8.0_101/jre/lib/ext/sunjce_provider.jar:/home/vidhur2k/Downloads/JDK/jdk1.8.0_101/jre/lib/ext/sunpkcs11.jar:/home/vidhur2k/Downloads/JDK/jdk1.8.0_101/jre/lib/ext/zipfs.jar:/home/vidhur2k/Downloads/JDK/jdk1.8.0_101/jre/lib/javaws.jar:/home/vidhur2k/Downloads/JDK/jdk1.8.0_101/jre/lib/jce.jar:/home/vidhur2k/Downloads/JDK/jdk1.8.0_101/jre/lib/jfr.jar:/home/vidhur2k/Downloads/JDK/jdk1.8.0_101/jre/lib/jfxswt.jar:/home/vidhur2k/Downloads/JDK/jdk1.8.0_101/jre/lib/jsse.jar:/home/vidhur2k/Downloads/JDK/jdk1.8.0_101/jre/lib/management-agent.jar:/home/vidhur2k/Downloads/JDK/jdk1.8.0_101/jre/lib/plugin.jar:/home/vidhur2k/Downloads/JDK/jdk1.8.0_101/jre/lib/resources.jar:/home/vidhur2k/Downloads/JDK/jdk1.8.0_101/jre/lib/rt.jar:/home/vidhur2k/Documents/Java Projects/Pacman/out/production/Pacman:/home/vidhur2k/Documents/Java Projects/Pacman/lib/fxgl-0.2.9-uber.jar:/home/vidhur2k/Downloads/idea-IC-163.11103.6/lib/idea_rt.jar
24 Jan 2017, 17:27:53.139 [  FINER] [   FXGL.SystemLogger] [                     main] user.name=vidhur2k
24 Jan 2017, 17:27:53.140 [  FINER] [   FXGL.SystemLogger] [                     main] file.encoding=UTF-8
24 Jan 2017, 17:27:53.140 [  FINER] [   FXGL.SystemLogger] [                     main] idea.launcher.bin.path=/home/vidhur2k/Downloads/idea-IC-163.11103.6/bin
24 Jan 2017, 17:27:53.141 [  FINER] [   FXGL.SystemLogger] [                     main] java.specification.version=1.8
24 Jan 2017, 17:27:53.141 [  FINER] [   FXGL.SystemLogger] [                     main] java.awt.printerjob=sun.print.PSPrinterJob
24 Jan 2017, 17:27:53.141 [  FINER] [   FXGL.SystemLogger] [                     main] user.timezone=America/New_York
24 Jan 2017, 17:27:53.141 [  FINER] [   FXGL.SystemLogger] [                     main] user.home=/home/vidhur2k
24 Jan 2017, 17:27:53.142 [  FINER] [   FXGL.SystemLogger] [                     main] os.version=4.4.0-59-generic
24 Jan 2017, 17:27:53.142 [  FINER] [   FXGL.SystemLogger] [                     main] sun.management.compiler=HotSpot 64-Bit Tiered Compilers
24 Jan 2017, 17:27:53.142 [  FINER] [   FXGL.SystemLogger] [                     main] java.specification.name=Java Platform API Specification
24 Jan 2017, 17:27:53.143 [  FINER] [   FXGL.SystemLogger] [                     main] java.class.version=52.0
24 Jan 2017, 17:27:53.143 [  FINER] [   FXGL.SystemLogger] [                     main] java.library.path=.::/usr/java/packages/lib/amd64:/usr/lib64:/lib64:/lib:/usr/lib
24 Jan 2017, 17:27:53.143 [  FINER] [   FXGL.SystemLogger] [                     main] sun.jnu.encoding=UTF-8
24 Jan 2017, 17:27:53.143 [  FINER] [   FXGL.SystemLogger] [                     main] os.name=Linux
24 Jan 2017, 17:27:53.144 [  FINER] [   FXGL.SystemLogger] [                     main] java.vm.specification.vendor=Oracle Corporation
24 Jan 2017, 17:27:53.144 [  FINER] [   FXGL.SystemLogger] [                     main] java.io.tmpdir=/tmp
24 Jan 2017, 17:27:53.144 [  FINER] [   FXGL.SystemLogger] [                     main] line.separator=

24 Jan 2017, 17:27:53.145 [  FINER] [   FXGL.SystemLogger] [                     main] java.endorsed.dirs=/home/vidhur2k/Downloads/JDK/jdk1.8.0_101/jre/lib/endorsed
24 Jan 2017, 17:27:53.145 [  FINER] [   FXGL.SystemLogger] [                     main] os.arch=amd64
24 Jan 2017, 17:27:53.145 [  FINER] [   FXGL.SystemLogger] [                     main] java.awt.graphicsenv=sun.awt.X11GraphicsEnvironment
24 Jan 2017, 17:27:53.145 [  FINER] [   FXGL.SystemLogger] [                     main] java.runtime.version=1.8.0_101-b13
24 Jan 2017, 17:27:53.146 [  FINER] [   FXGL.SystemLogger] [                     main] java.vm.specification.name=Java Virtual Machine Specification
24 Jan 2017, 17:27:53.146 [  FINER] [   FXGL.SystemLogger] [                     main] user.dir=/home/vidhur2k/Documents/Java Projects/Pacman
24 Jan 2017, 17:27:53.146 [  FINER] [   FXGL.SystemLogger] [                     main] user.country=US
24 Jan 2017, 17:27:53.147 [  FINER] [   FXGL.SystemLogger] [                     main] sun.java.launcher=SUN_STANDARD
24 Jan 2017, 17:27:53.147 [  FINER] [   FXGL.SystemLogger] [                     main] sun.os.patch.level=unknown
24 Jan 2017, 17:27:53.147 [  FINER] [   FXGL.SystemLogger] [                     main] idea.launcher.port=7533
24 Jan 2017, 17:27:53.147 [  FINER] [   FXGL.SystemLogger] [                     main] java.vm.name=Java HotSpot(TM) 64-Bit Server VM
24 Jan 2017, 17:27:53.148 [  FINER] [   FXGL.SystemLogger] [                     main] file.encoding.pkg=sun.io
24 Jan 2017, 17:27:53.148 [  FINER] [   FXGL.SystemLogger] [                     main] path.separator=:
24 Jan 2017, 17:27:53.148 [  FINER] [   FXGL.SystemLogger] [                     main] java.vm.vendor=Oracle Corporation
24 Jan 2017, 17:27:53.148 [  FINER] [   FXGL.SystemLogger] [                     main] java.vendor.url=http://java.oracle.com/
24 Jan 2017, 17:27:53.149 [  FINER] [   FXGL.SystemLogger] [                     main] sun.boot.library.path=/home/vidhur2k/Downloads/JDK/jdk1.8.0_101/jre/lib/amd64
24 Jan 2017, 17:27:53.149 [  FINER] [   FXGL.SystemLogger] [                     main] java.vm.version=25.101-b13
24 Jan 2017, 17:27:53.149 [  FINER] [   FXGL.SystemLogger] [                     main] java.runtime.name=Java(TM) SE Runtime Environment
24 Jan 2017, 17:27:53.155 [   INFO] [   FXGL.SystemLogger] [                     main] FXGL-0.2.9
24 Jan 2017, 17:27:53.156 [   INFO] [   FXGL.SystemLogger] [                     main] Source code and latest versions at: https://github.com/AlmasB/FXGL
24 Jan 2017, 17:27:53.156 [   INFO] [   FXGL.SystemLogger] [                     main]              Join the FXGL chat at: https://gitter.im/AlmasB/FXGL
24 Jan 2017, 17:27:53.302 [  FINER] [   FXGL.SystemLogger] [JavaFX Application Thread] Starting JavaFX
24 Jan 2017, 17:27:53.303 [  FINER] [   FXGL.SystemLogger] [          JavaFX-Launcher] Initializing FXGL
24 Jan 2017, 17:27:53.313 [  FINER] [   FXGL.SystemLogger] [JavaFX Application Thread] Starting FXGL
24 Jan 2017, 17:27:53.587 [  FINER] [   FXGL.SystemLogger] [     FXGL Launcher Thread] Configuring FXGL
24 Jan 2017, 17:27:53.588 [  FINER] [   FXGL.SystemLogger] [     FXGL Launcher Thread] Initializing system properties
24 Jan 2017, 17:27:53.618 [  FINER] [   FXGL.SystemLogger] [     FXGL Launcher Thread] sound.notification = system/notification.wav
24 Jan 2017, 17:27:53.619 [  FINER] [   FXGL.SystemLogger] [     FXGL Launcher Thread] url.storage = https://raw.githubusercontent.com/AlmasB/git-server/master/storage/
24 Jan 2017, 17:27:53.619 [  FINER] [   FXGL.SystemLogger] [     FXGL Launcher Thread] asset.cache.size = 35
24 Jan 2017, 17:27:53.619 [  FINER] [   FXGL.SystemLogger] [     FXGL Launcher Thread] fs.profiledir = profiles/
24 Jan 2017, 17:27:53.619 [  FINER] [   FXGL.SystemLogger] [     FXGL Launcher Thread] url.pom = https://raw.githubusercontent.com/AlmasB/FXGL/master/pom.xml
24 Jan 2017, 17:27:53.619 [  FINER] [   FXGL.SystemLogger] [     FXGL Launcher Thread] dev.showbbox = false
24 Jan 2017, 17:27:53.624 [  FINER] [   FXGL.SystemLogger] [     FXGL Launcher Thread] fs.datafile.ext = .dat
24 Jan 2017, 17:27:53.624 [  FINER] [   FXGL.SystemLogger] [     FXGL Launcher Thread] sound.menu.back = menu/back.wav
24 Jan 2017, 17:27:53.624 [  FINER] [   FXGL.SystemLogger] [     FXGL Launcher Thread] sound.menu.select = menu/select.wav
24 Jan 2017, 17:27:53.628 [  FINER] [   FXGL.SystemLogger] [     FXGL Launcher Thread] url.github = https://github.com/AlmasB/FXGL
24 Jan 2017, 17:27:53.629 [  FINER] [   FXGL.SystemLogger] [     FXGL Launcher Thread] url.surveymonkey = https://www.surveymonkey.co.uk/r/BH6LLPM
24 Jan 2017, 17:27:53.629 [  FINER] [   FXGL.SystemLogger] [     FXGL Launcher Thread] physics.ppm = 50.0
24 Jan 2017, 17:27:53.630 [  FINER] [   FXGL.SystemLogger] [     FXGL Launcher Thread] ui.css = fxgl.css
24 Jan 2017, 17:27:53.631 [  FINER] [   FXGL.SystemLogger] [     FXGL Launcher Thread] version.check.days = 7
24 Jan 2017, 17:27:53.632 [  FINER] [   FXGL.SystemLogger] [     FXGL Launcher Thread] fs.savefile.ext = .sav
24 Jan 2017, 17:27:53.632 [  FINER] [   FXGL.SystemLogger] [     FXGL Launcher Thread] pooling.initialSize = 128
24 Jan 2017, 17:27:53.632 [  FINER] [   FXGL.SystemLogger] [     FXGL Launcher Thread] ui.font = Copperplate_Gothic_Light_Regular.ttf
24 Jan 2017, 17:27:53.633 [  FINER] [   FXGL.SystemLogger] [     FXGL Launcher Thread] fs.savedir = saves/
24 Jan 2017, 17:27:53.633 [  FINER] [   FXGL.SystemLogger] [     FXGL Launcher Thread] fs.profilename = user.profile
24 Jan 2017, 17:27:53.633 [  FINER] [   FXGL.SystemLogger] [     FXGL Launcher Thread] ui.icon.name = fxgl_icon.png
24 Jan 2017, 17:27:53.633 [  FINER] [   FXGL.SystemLogger] [     FXGL Launcher Thread] url.googleforms = https://goo.gl/forms/6wrMnOBxTE1fEpOy2
24 Jan 2017, 17:27:53.634 [  FINER] [   FXGL.SystemLogger] [     FXGL Launcher Thread] sound.menu.press = menu/press.wav
24 Jan 2017, 17:27:53.634 [  FINER] [   FXGL.SystemLogger] [     FXGL Launcher Thread] Initializing user properties
24 Jan 2017, 17:27:53.634 [   INFO] [   FXGL.SystemLogger] [     FXGL Launcher Thread] User properties not found. Using system
24 Jan 2017, 17:27:53.635 [  FINER] [   FXGL.SystemLogger] [     FXGL Launcher Thread] Initializing app settings
24 Jan 2017, 17:27:53.659 [  FINER] [   FXGL.SystemLogger] [     FXGL Launcher Thread] Logging settings
Title: PACMAN
Version: 0.0.1
Width: 1250
Height: 950
Fullscreen: false
Intro: false
Menus: false
Profiling: false
App Mode: DEVELOPER
Menu Style: FXGL_DEFAULT
Menu Key: ESCAPE
Services: []
24 Jan 2017, 17:27:54.375 [  FINER] [   FXGL.SystemLogger] [     FXGL Launcher Thread] FXGL configuration complete
24 Jan 2017, 17:27:54.376 [   INFO] [   FXGL.SystemLogger] [     FXGL Launcher Thread] FXGL configuration took:  0.787 sec
24 Jan 2017, 17:27:54.377 [  FINER] [   FXGL.SystemLogger] [JavaFX Application Thread] Running task: UpdaterTask
24 Jan 2017, 17:27:54.382 [  FINER] [   FXGL.SystemLogger] [     FXGL Launcher Thread] Running task: PreInitTask
24 Jan 2017, 17:27:54.446 [  FINER] [   FXGL.SystemLogger] [     FXGL Launcher Thread] Running task: InitScenesTask
24 Jan 2017, 17:27:54.538 [  FINER] [   FXGL.SystemLogger] [     FXGL Launcher Thread] Running task: InitEventHandlersTask
24 Jan 2017, 17:27:54.547 [  FINER] [   FXGL.SystemLogger] [     FXGL Launcher Thread] Running task: InitProfilerTask
24 Jan 2017, 17:27:54.551 [  FINER] [   FXGL.SystemLogger] [     FXGL Launcher Thread] Pausing main loop
24 Jan 2017, 17:27:54.553 [  FINER] [   FXGL.SystemLogger] [     FXGL Launcher Thread] Resetting FXGL application
24 Jan 2017, 17:27:54.630 [   INFO] [   FXGL.SystemLogger] [     FXGL Launcher Thread] Game configuration took:  0.248 sec
24 Jan 2017, 17:27:55.527 [   INFO] [   FXGL.SystemLogger] [ FXGL Background Thread 1] Game initialization took: 0.897 sec
24 Jan 2017, 17:27:55.528 [  FINER] [   FXGL.SystemLogger] [JavaFX Application Thread] Resuming main loop
