24 Jan 2017, 17:23:18.078 [   INFO] [   FXGL.SystemLogger] [                     main] System Logger is initialized
24 Jan 2017, 17:23:18.089 [  FINER] [   FXGL.SystemLogger] [                     main] Logging System Info
24 Jan 2017, 17:23:18.089 [  FINER] [   FXGL.SystemLogger] [                     main] CPU cores: 8
24 Jan 2017, 17:23:18.092 [  FINER] [   FXGL.SystemLogger] [                     main] Free Memory: 231MB
24 Jan 2017, 17:23:18.093 [  FINER] [   FXGL.SystemLogger] [                     main] Max Memory: 3544MB
24 Jan 2017, 17:23:18.093 [  FINER] [   FXGL.SystemLogger] [                     main] Total Memory: 240MB
24 Jan 2017, 17:23:18.094 [  FINER] [   FXGL.SystemLogger] [                     main] System Properties:
24 Jan 2017, 17:23:18.095 [  FINER] [   FXGL.SystemLogger] [                     main] sun.cpu.isalist=
24 Jan 2017, 17:23:18.096 [  FINER] [   FXGL.SystemLogger] [                     main] sun.desktop=gnome
24 Jan 2017, 17:23:18.096 [  FINER] [   FXGL.SystemLogger] [                     main] sun.io.unicode.encoding=UnicodeLittle
24 Jan 2017, 17:23:18.096 [  FINER] [   FXGL.SystemLogger] [                     main] sun.cpu.endian=little
24 Jan 2017, 17:23:18.097 [  FINER] [   FXGL.SystemLogger] [                     main] java.vendor.url.bug=http://bugreport.sun.com/bugreport/
24 Jan 2017, 17:23:18.097 [  FINER] [   FXGL.SystemLogger] [                     main] file.separator=/
24 Jan 2017, 17:23:18.097 [  FINER] [   FXGL.SystemLogger] [                     main] java.vendor=Oracle Corporation
24 Jan 2017, 17:23:18.098 [  FINER] [   FXGL.SystemLogger] [                     main] sun.boot.class.path=/home/vidhur2k/Downloads/JDK/jdk1.8.0_101/jre/lib/resources.jar:/home/vidhur2k/Downloads/JDK/jdk1.8.0_101/jre/lib/rt.jar:/home/vidhur2k/Downloads/JDK/jdk1.8.0_101/jre/lib/sunrsasign.jar:/home/vidhur2k/Downloads/JDK/jdk1.8.0_101/jre/lib/jsse.jar:/home/vidhur2k/Downloads/JDK/jdk1.8.0_101/jre/lib/jce.jar:/home/vidhur2k/Downloads/JDK/jdk1.8.0_101/jre/lib/charsets.jar:/home/vidhur2k/Downloads/JDK/jdk1.8.0_101/jre/lib/jfr.jar:/home/vidhur2k/Downloads/JDK/jdk1.8.0_101/jre/classes
24 Jan 2017, 17:23:18.098 [  FINER] [   FXGL.SystemLogger] [                     main] java.ext.dirs=/home/vidhur2k/Downloads/JDK/jdk1.8.0_101/jre/lib/ext:/usr/java/packages/lib/ext
24 Jan 2017, 17:23:18.098 [  FINER] [   FXGL.SystemLogger] [                     main] java.version=1.8.0_101
24 Jan 2017, 17:23:18.099 [  FINER] [   FXGL.SystemLogger] [                     main] java.vm.info=mixed mode
24 Jan 2017, 17:23:18.099 [  FINER] [   FXGL.SystemLogger] [                     main] awt.toolkit=sun.awt.X11.XToolkit
24 Jan 2017, 17:23:18.099 [  FINER] [   FXGL.SystemLogger] [                     main] user.language=en
24 Jan 2017, 17:23:18.100 [  FINER] [   FXGL.SystemLogger] [                     main] java.specification.vendor=Oracle Corporation
24 Jan 2017, 17:23:18.100 [  FINER] [   FXGL.SystemLogger] [                     main] sun.java.command=com.intellij.rt.execution.application.AppMain com.vidhur2k.Pacman.PacmanApp
24 Jan 2017, 17:23:18.101 [  FINER] [   FXGL.SystemLogger] [                     main] java.home=/home/vidhur2k/Downloads/JDK/jdk1.8.0_101/jre
24 Jan 2017, 17:23:18.101 [  FINER] [   FXGL.SystemLogger] [                     main] sun.arch.data.model=64
24 Jan 2017, 17:23:18.101 [  FINER] [   FXGL.SystemLogger] [                     main] java.vm.specification.version=1.8
24 Jan 2017, 17:23:18.101 [  FINER] [   FXGL.SystemLogger] [                     main] java.class.path=/home/vidhur2k/Downloads/JDK/jdk1.8.0_101/jre/lib/charsets.jar:/home/vidhur2k/Downloads/JDK/jdk1.8.0_101/jre/lib/deploy.jar:/home/vidhur2k/Downloads/JDK/jdk1.8.0_101/jre/lib/ext/cldrdata.jar:/home/vidhur2k/Downloads/JDK/jdk1.8.0_101/jre/lib/ext/dnsns.jar:/home/vidhur2k/Downloads/JDK/jdk1.8.0_101/jre/lib/ext/jaccess.jar:/home/vidhur2k/Downloads/JDK/jdk1.8.0_101/jre/lib/ext/jfxrt.jar:/home/vidhur2k/Downloads/JDK/jdk1.8.0_101/jre/lib/ext/localedata.jar:/home/vidhur2k/Downloads/JDK/jdk1.8.0_101/jre/lib/ext/nashorn.jar:/home/vidhur2k/Downloads/JDK/jdk1.8.0_101/jre/lib/ext/sunec.jar:/home/vidhur2k/Downloads/JDK/jdk1.8.0_101/jre/lib/ext/sunjce_provider.jar:/home/vidhur2k/Downloads/JDK/jdk1.8.0_101/jre/lib/ext/sunpkcs11.jar:/home/vidhur2k/Downloads/JDK/jdk1.8.0_101/jre/lib/ext/zipfs.jar:/home/vidhur2k/Downloads/JDK/jdk1.8.0_101/jre/lib/javaws.jar:/home/vidhur2k/Downloads/JDK/jdk1.8.0_101/jre/lib/jce.jar:/home/vidhur2k/Downloads/JDK/jdk1.8.0_101/jre/lib/jfr.jar:/home/vidhur2k/Downloads/JDK/jdk1.8.0_101/jre/lib/jfxswt.jar:/home/vidhur2k/Downloads/JDK/jdk1.8.0_101/jre/lib/jsse.jar:/home/vidhur2k/Downloads/JDK/jdk1.8.0_101/jre/lib/management-agent.jar:/home/vidhur2k/Downloads/JDK/jdk1.8.0_101/jre/lib/plugin.jar:/home/vidhur2k/Downloads/JDK/jdk1.8.0_101/jre/lib/resources.jar:/home/vidhur2k/Downloads/JDK/jdk1.8.0_101/jre/lib/rt.jar:/home/vidhur2k/Documents/Java Projects/Pacman/out/production/Pacman:/home/vidhur2k/Documents/Java Projects/Pacman/lib/fxgl-0.2.9-uber.jar:/home/vidhur2k/Downloads/idea-IC-163.11103.6/lib/idea_rt.jar
24 Jan 2017, 17:23:18.102 [  FINER] [   FXGL.SystemLogger] [                     main] user.name=vidhur2k
24 Jan 2017, 17:23:18.102 [  FINER] [   FXGL.SystemLogger] [                     main] file.encoding=UTF-8
24 Jan 2017, 17:23:18.102 [  FINER] [   FXGL.SystemLogger] [                     main] idea.launcher.bin.path=/home/vidhur2k/Downloads/idea-IC-163.11103.6/bin
24 Jan 2017, 17:23:18.102 [  FINER] [   FXGL.SystemLogger] [                     main] java.specification.version=1.8
24 Jan 2017, 17:23:18.103 [  FINER] [   FXGL.SystemLogger] [                     main] java.awt.printerjob=sun.print.PSPrinterJob
24 Jan 2017, 17:23:18.103 [  FINER] [   FXGL.SystemLogger] [                     main] user.timezone=America/New_York
24 Jan 2017, 17:23:18.103 [  FINER] [   FXGL.SystemLogger] [                     main] user.home=/home/vidhur2k
24 Jan 2017, 17:23:18.106 [  FINER] [   FXGL.SystemLogger] [                     main] os.version=4.4.0-59-generic
24 Jan 2017, 17:23:18.106 [  FINER] [   FXGL.SystemLogger] [                     main] sun.management.compiler=HotSpot 64-Bit Tiered Compilers
24 Jan 2017, 17:23:18.106 [  FINER] [   FXGL.SystemLogger] [                     main] java.specification.name=Java Platform API Specification
24 Jan 2017, 17:23:18.107 [  FINER] [   FXGL.SystemLogger] [                     main] java.class.version=52.0
24 Jan 2017, 17:23:18.107 [  FINER] [   FXGL.SystemLogger] [                     main] java.library.path=.::/usr/java/packages/lib/amd64:/usr/lib64:/lib64:/lib:/usr/lib
24 Jan 2017, 17:23:18.107 [  FINER] [   FXGL.SystemLogger] [                     main] sun.jnu.encoding=UTF-8
24 Jan 2017, 17:23:18.107 [  FINER] [   FXGL.SystemLogger] [                     main] os.name=Linux
24 Jan 2017, 17:23:18.107 [  FINER] [   FXGL.SystemLogger] [                     main] java.vm.specification.vendor=Oracle Corporation
24 Jan 2017, 17:23:18.108 [  FINER] [   FXGL.SystemLogger] [                     main] java.io.tmpdir=/tmp
24 Jan 2017, 17:23:18.108 [  FINER] [   FXGL.SystemLogger] [                     main] line.separator=

24 Jan 2017, 17:23:18.108 [  FINER] [   FXGL.SystemLogger] [                     main] java.endorsed.dirs=/home/vidhur2k/Downloads/JDK/jdk1.8.0_101/jre/lib/endorsed
24 Jan 2017, 17:23:18.108 [  FINER] [   FXGL.SystemLogger] [                     main] os.arch=amd64
24 Jan 2017, 17:23:18.109 [  FINER] [   FXGL.SystemLogger] [                     main] java.awt.graphicsenv=sun.awt.X11GraphicsEnvironment
24 Jan 2017, 17:23:18.109 [  FINER] [   FXGL.SystemLogger] [                     main] java.runtime.version=1.8.0_101-b13
24 Jan 2017, 17:23:18.109 [  FINER] [   FXGL.SystemLogger] [                     main] java.vm.specification.name=Java Virtual Machine Specification
24 Jan 2017, 17:23:18.109 [  FINER] [   FXGL.SystemLogger] [                     main] user.dir=/home/vidhur2k/Documents/Java Projects/Pacman
24 Jan 2017, 17:23:18.110 [  FINER] [   FXGL.SystemLogger] [                     main] user.country=US
24 Jan 2017, 17:23:18.110 [  FINER] [   FXGL.SystemLogger] [                     main] sun.java.launcher=SUN_STANDARD
24 Jan 2017, 17:23:18.110 [  FINER] [   FXGL.SystemLogger] [                     main] sun.os.patch.level=unknown
24 Jan 2017, 17:23:18.110 [  FINER] [   FXGL.SystemLogger] [                     main] idea.launcher.port=7533
24 Jan 2017, 17:23:18.111 [  FINER] [   FXGL.SystemLogger] [                     main] java.vm.name=Java HotSpot(TM) 64-Bit Server VM
24 Jan 2017, 17:23:18.111 [  FINER] [   FXGL.SystemLogger] [                     main] file.encoding.pkg=sun.io
24 Jan 2017, 17:23:18.111 [  FINER] [   FXGL.SystemLogger] [                     main] path.separator=:
24 Jan 2017, 17:23:18.111 [  FINER] [   FXGL.SystemLogger] [                     main] java.vm.vendor=Oracle Corporation
24 Jan 2017, 17:23:18.112 [  FINER] [   FXGL.SystemLogger] [                     main] java.vendor.url=http://java.oracle.com/
24 Jan 2017, 17:23:18.112 [  FINER] [   FXGL.SystemLogger] [                     main] sun.boot.library.path=/home/vidhur2k/Downloads/JDK/jdk1.8.0_101/jre/lib/amd64
24 Jan 2017, 17:23:18.112 [  FINER] [   FXGL.SystemLogger] [                     main] java.vm.version=25.101-b13
24 Jan 2017, 17:23:18.112 [  FINER] [   FXGL.SystemLogger] [                     main] java.runtime.name=Java(TM) SE Runtime Environment
24 Jan 2017, 17:23:18.117 [   INFO] [   FXGL.SystemLogger] [                     main] FXGL-0.2.9
24 Jan 2017, 17:23:18.118 [   INFO] [   FXGL.SystemLogger] [                     main] Source code and latest versions at: https://github.com/AlmasB/FXGL
24 Jan 2017, 17:23:18.118 [   INFO] [   FXGL.SystemLogger] [                     main]              Join the FXGL chat at: https://gitter.im/AlmasB/FXGL
24 Jan 2017, 17:23:18.256 [  FINER] [   FXGL.SystemLogger] [JavaFX Application Thread] Starting JavaFX
24 Jan 2017, 17:23:18.257 [  FINER] [   FXGL.SystemLogger] [          JavaFX-Launcher] Initializing FXGL
24 Jan 2017, 17:23:18.268 [  FINER] [   FXGL.SystemLogger] [JavaFX Application Thread] Starting FXGL
24 Jan 2017, 17:23:18.497 [  FINER] [   FXGL.SystemLogger] [     FXGL Launcher Thread] Configuring FXGL
24 Jan 2017, 17:23:18.498 [  FINER] [   FXGL.SystemLogger] [     FXGL Launcher Thread] Initializing system properties
24 Jan 2017, 17:23:18.528 [  FINER] [   FXGL.SystemLogger] [     FXGL Launcher Thread] sound.notification = system/notification.wav
24 Jan 2017, 17:23:18.529 [  FINER] [   FXGL.SystemLogger] [     FXGL Launcher Thread] url.storage = https://raw.githubusercontent.com/AlmasB/git-server/master/storage/
24 Jan 2017, 17:23:18.529 [  FINER] [   FXGL.SystemLogger] [     FXGL Launcher Thread] asset.cache.size = 35
24 Jan 2017, 17:23:18.529 [  FINER] [   FXGL.SystemLogger] [     FXGL Launcher Thread] fs.profiledir = profiles/
24 Jan 2017, 17:23:18.530 [  FINER] [   FXGL.SystemLogger] [     FXGL Launcher Thread] url.pom = https://raw.githubusercontent.com/AlmasB/FXGL/master/pom.xml
24 Jan 2017, 17:23:18.530 [  FINER] [   FXGL.SystemLogger] [     FXGL Launcher Thread] dev.showbbox = false
24 Jan 2017, 17:23:18.530 [  FINER] [   FXGL.SystemLogger] [     FXGL Launcher Thread] fs.datafile.ext = .dat
24 Jan 2017, 17:23:18.530 [  FINER] [   FXGL.SystemLogger] [     FXGL Launcher Thread] sound.menu.back = menu/back.wav
24 Jan 2017, 17:23:18.531 [  FINER] [   FXGL.SystemLogger] [     FXGL Launcher Thread] sound.menu.select = menu/select.wav
24 Jan 2017, 17:23:18.531 [  FINER] [   FXGL.SystemLogger] [     FXGL Launcher Thread] url.github = https://github.com/AlmasB/FXGL
24 Jan 2017, 17:23:18.531 [  FINER] [   FXGL.SystemLogger] [     FXGL Launcher Thread] url.surveymonkey = https://www.surveymonkey.co.uk/r/BH6LLPM
24 Jan 2017, 17:23:18.531 [  FINER] [   FXGL.SystemLogger] [     FXGL Launcher Thread] physics.ppm = 50.0
24 Jan 2017, 17:23:18.532 [  FINER] [   FXGL.SystemLogger] [     FXGL Launcher Thread] ui.css = fxgl.css
24 Jan 2017, 17:23:18.532 [  FINER] [   FXGL.SystemLogger] [     FXGL Launcher Thread] version.check.days = 7
24 Jan 2017, 17:23:18.532 [  FINER] [   FXGL.SystemLogger] [     FXGL Launcher Thread] fs.savefile.ext = .sav
24 Jan 2017, 17:23:18.532 [  FINER] [   FXGL.SystemLogger] [     FXGL Launcher Thread] pooling.initialSize = 128
24 Jan 2017, 17:23:18.533 [  FINER] [   FXGL.SystemLogger] [     FXGL Launcher Thread] ui.font = Copperplate_Gothic_Light_Regular.ttf
24 Jan 2017, 17:23:18.533 [  FINER] [   FXGL.SystemLogger] [     FXGL Launcher Thread] fs.savedir = saves/
24 Jan 2017, 17:23:18.533 [  FINER] [   FXGL.SystemLogger] [     FXGL Launcher Thread] fs.profilename = user.profile
24 Jan 2017, 17:23:18.533 [  FINER] [   FXGL.SystemLogger] [     FXGL Launcher Thread] ui.icon.name = fxgl_icon.png
24 Jan 2017, 17:23:18.534 [  FINER] [   FXGL.SystemLogger] [     FXGL Launcher Thread] url.googleforms = https://goo.gl/forms/6wrMnOBxTE1fEpOy2
24 Jan 2017, 17:23:18.534 [  FINER] [   FXGL.SystemLogger] [     FXGL Launcher Thread] sound.menu.press = menu/press.wav
24 Jan 2017, 17:23:18.534 [  FINER] [   FXGL.SystemLogger] [     FXGL Launcher Thread] Initializing user properties
24 Jan 2017, 17:23:18.534 [   INFO] [   FXGL.SystemLogger] [     FXGL Launcher Thread] User properties not found. Using system
24 Jan 2017, 17:23:18.535 [  FINER] [   FXGL.SystemLogger] [     FXGL Launcher Thread] Initializing app settings
24 Jan 2017, 17:23:18.543 [  FINER] [   FXGL.SystemLogger] [     FXGL Launcher Thread] Logging settings
Title: PACMAN
Version: 0.0.1
Width: 1250
Height: 950
Fullscreen: false
Intro: false
Menus: false
Profiling: false
App Mode: DEVELOPER
Menu Style: FXGL_DEFAULT
Menu Key: ESCAPE
Services: []
24 Jan 2017, 17:23:19.213 [  FINER] [   FXGL.SystemLogger] [     FXGL Launcher Thread] FXGL configuration complete
24 Jan 2017, 17:23:19.213 [   INFO] [   FXGL.SystemLogger] [     FXGL Launcher Thread] FXGL configuration took:  0.715 sec
24 Jan 2017, 17:23:19.214 [  FINER] [   FXGL.SystemLogger] [JavaFX Application Thread] Running task: UpdaterTask
24 Jan 2017, 17:23:19.219 [  FINER] [   FXGL.SystemLogger] [     FXGL Launcher Thread] Running task: PreInitTask
24 Jan 2017, 17:23:19.283 [  FINER] [   FXGL.SystemLogger] [     FXGL Launcher Thread] Running task: InitScenesTask
24 Jan 2017, 17:23:19.382 [  FINER] [   FXGL.SystemLogger] [     FXGL Launcher Thread] Running task: InitEventHandlersTask
24 Jan 2017, 17:23:19.394 [  FINER] [   FXGL.SystemLogger] [     FXGL Launcher Thread] Running task: InitProfilerTask
24 Jan 2017, 17:23:19.399 [  FINER] [   FXGL.SystemLogger] [     FXGL Launcher Thread] Pausing main loop
24 Jan 2017, 17:23:19.402 [  FINER] [   FXGL.SystemLogger] [     FXGL Launcher Thread] Resetting FXGL application
24 Jan 2017, 17:23:19.483 [   INFO] [   FXGL.SystemLogger] [     FXGL Launcher Thread] Game configuration took:  0.265 sec
24 Jan 2017, 17:23:20.366 [   INFO] [   FXGL.SystemLogger] [ FXGL Background Thread 1] Game initialization took: 0.883 sec
24 Jan 2017, 17:23:20.367 [  FINER] [   FXGL.SystemLogger] [JavaFX Application Thread] Resuming main loop
