17:27:35.980 [FXGL Launcher Thread     ] DEBUG FXGLLoggerFactory    - Service [LoggerFactory] initialized
17:27:35.984 [FXGL Launcher Thread     ] DEBUG FXGL                 - FXGL configuration complete
17:27:35.984 [FXGL Launcher Thread     ] DEBUG FXGL                 - Loading FXGL system data
17:27:35.986 [FXGL Launcher Thread     ] DEBUG IOTask               - Executing task: readDataTask(system/fxgl.bundle)
17:27:35.988 [FXGL Launcher Thread     ] DEBUG FS                   - Reading from: system/fxgl.bundle
17:27:35.992 [FXGL Launcher Thread     ] DEBUG IOTask               - Task succeeded: readDataTask(system/fxgl.bundle)
17:27:35.993 [FXGL Launcher Thread     ] DEBUG Bundle               - Logging bundle: FXGL
17:27:35.993 [FXGL Launcher Thread     ] DEBUG Bundle               - FXGL.offline.timer.version.check=2017-01-17T22:13:38.325
17:27:36.001 [FXGL Launcher Thread     ] DEBUG GameApplication      - Configuring GameApplication
17:27:36.005 [FXGL Launcher Thread     ] DEBUG FXGLExceptionHandler - Service [ExceptionHandler] initialized
17:27:36.005 [FXGL Launcher Thread     ] DEBUG FXGLEventBus         - Service [EventBus] initialized
17:27:36.007 [FXGL Launcher Thread     ] DEBUG FXGLExecutor         - Service [Executor] initialized
17:27:36.008 [FXGL Launcher Thread     ] DEBUG PreInitTask          - Injecting gameWorld & physicsWorld
17:27:36.012 [FXGL Launcher Thread     ] DEBUG GameWorld            - Game world initialized
17:27:36.043 [FXGL Launcher Thread     ] DEBUG FXGLPooler           - Service [Pooler] initialized with default size = 128
17:27:36.043 [FXGL Launcher Thread     ] DEBUG PhysicsWorld         - Physics world initialized: appHeight=950.0, physics.ppm=50.0
17:27:36.044 [FXGL Launcher Thread     ] DEBUG FXGLInput            - Service [Input] initialized
17:27:36.059 [FXGL Launcher Thread     ] DEBUG FXGLInput            - Registered new binding: Screenshot - P
17:27:36.059 [FXGL Launcher Thread     ] DEBUG FXGLInput            - Registered new binding: Dev Options - CTRL+0
17:27:36.059 [FXGL Launcher Thread     ] DEBUG FXGLInput            - Registered new binding: UP - W
17:27:36.059 [FXGL Launcher Thread     ] DEBUG FXGLInput            - Registered new binding: DOWN - S
17:27:36.059 [FXGL Launcher Thread     ] DEBUG FXGLInput            - Registered new binding: LEFT - A
17:27:36.060 [FXGL Launcher Thread     ] DEBUG FXGLInput            - Registered new binding: RIGHT - D
17:27:36.077 [FXGL Launcher Thread     ] DEBUG GameScene            - Game scene initialized: 1250.0x950.0
17:27:36.084 [FXGL Launcher Thread     ] DEBUG FXGLAssetLoader      - Service [AssetLoader] initialized: cacheSize=35
17:27:36.086 [FXGL Launcher Thread     ] DEBUG FXGLAssetLoader      - Loading from disk: /assets/sounds/system/notification.wav
17:27:36.107 [FXGL Launcher Thread     ] DEBUG FXGLAssetLoader      - Loading from disk: /assets/sounds/menu/select.wav
17:27:36.109 [FXGL Launcher Thread     ] DEBUG FXGLAssetLoader      - Loading from disk: /assets/sounds/menu/back.wav
17:27:36.111 [FXGL Launcher Thread     ] DEBUG FXGLAssetLoader      - Loading from disk: /assets/sounds/menu/press.wav
17:27:36.113 [FXGL Launcher Thread     ] DEBUG FXGLAssetLoader      - Loading from disk: /assets/ui/fonts/Copperplate_Gothic_Light_Regular.ttf
17:27:36.123 [FXGL Launcher Thread     ] DEBUG FXGLAssetLoader      - Loading from disk: /assets/ui/css/fxgl.css
17:27:36.123 [FXGL Launcher Thread     ] DEBUG FXGLAssetLoader      - Loading from disk: /assets/ui/icons/fxgl_icon.png
17:27:36.148 [FXGL Launcher Thread     ] DEBUG FXGLAssetLoader      - Loading from disk: /assets/ui/css/fxgl_dark.css
17:27:36.156 [FXGL Launcher Thread     ] DEBUG FXGLDisplay          - Target size: DoubleProperty [value: 1250.0] x DoubleProperty [value: 950.0] @ 1.0
17:27:36.156 [FXGL Launcher Thread     ] DEBUG FXGLDisplay          - New size:    1250.0 x 950.0 @ DoubleProperty [value: 1.0]
17:27:36.157 [FXGL Launcher Thread     ] DEBUG FXGLDisplay          - Service [Display] initialized
17:27:36.157 [FXGL Launcher Thread     ] DEBUG FXGLDisplay          - Using CSS: CSS(externalForm=jar:file:/home/vidhur2k/Documents/Java%20Projects/Pacman/lib/fxgl-0.2.9-uber.jar!/assets/ui/css/fxgl_dark.css)
17:27:36.157 [FXGL Launcher Thread     ] DEBUG InitScenesTask       - Injecting loadingScene & gameScene
17:27:36.160 [FXGL Launcher Thread     ] DEBUG FXGLMasterTimer      - Service [MasterTimer] initialized
17:27:36.161 [FXGL Launcher Thread     ] DEBUG FXGLAudioPlayer      - Service [AudioPlayer] initialized
17:27:36.168 [FXGL Launcher Thread     ] DEBUG GameApplication      - Starting new game
17:27:36.170 [FXGL Launcher Thread     ] DEBUG GameApplication      - Initializing App
17:27:36.171 [FXGL Launcher Thread     ] DEBUG FXGLInput            - Clearing active input actions
17:27:36.171 [FXGL Launcher Thread     ] DEBUG FXGLMasterTimer      - Stopping master timer
17:27:36.171 [FXGL Launcher Thread     ] DEBUG GameApplication      - State: STARTUP -> PAUSED
17:27:36.172 [FXGL Launcher Thread     ] DEBUG FXGLEventBus         - Firing event: FXGLEvent[type=PAUSE]
17:27:36.173 [FXGL Launcher Thread     ] DEBUG FXGLInput            - Clearing active input actions
17:27:36.173 [FXGL Launcher Thread     ] DEBUG FXGLMasterTimer      - Resetting ticks and clearing all actions
17:27:36.173 [FXGL Launcher Thread     ] DEBUG GameWorld            - Resetting game world
17:27:36.173 [FXGL Launcher Thread     ] TRACE EntityWorld          - Resetting entity world
17:27:36.174 [FXGL Launcher Thread     ] DEBUG PhysicsWorld         - Resetting physics world
17:27:36.174 [FXGL Launcher Thread     ] DEBUG GameScene            - Resetting game scene
17:27:36.174 [FXGL Launcher Thread     ] DEBUG FXGLEventBus         - Firing event: FXGLEvent[type=RESET]
17:27:36.225 [FXGL Launcher Thread     ] DEBUG GameApplication      - State: PAUSED -> LOADING
17:27:36.252 [FXGL Background Thread 1 ] DEBUG InitAppTask          - Initializing Assets
17:27:36.253 [FXGL Background Thread 1 ] DEBUG FXGLAssetLoader      - Caching assets
17:27:36.261 [FXGL Background Thread 1 ] DEBUG FXGLAssetLoader      - Loading from disk: /assets/textures/pacmanLeft.png
17:27:36.264 [FXGL Background Thread 1 ] DEBUG FXGLAssetLoader      - Loading from disk: /assets/textures/pacman2Up.png
17:27:36.265 [FXGL Background Thread 1 ] DEBUG FXGLAssetLoader      - Loading from disk: /assets/textures/pacman2Left.png
17:27:36.266 [FXGL Background Thread 1 ] DEBUG FXGLAssetLoader      - Loading from disk: /assets/textures/wall.png
17:27:36.266 [FXGL Background Thread 1 ] DEBUG FXGLAssetLoader      - Loading from disk: /assets/textures/pacmanDown.png
17:27:36.267 [FXGL Background Thread 1 ] DEBUG FXGLAssetLoader      - Loading from disk: /assets/textures/pacman2Down.png
17:27:36.268 [FXGL Background Thread 1 ] DEBUG FXGLAssetLoader      - Loading from disk: /assets/textures/pacman2Right.png
17:27:36.268 [FXGL Background Thread 1 ] DEBUG FXGLAssetLoader      - Loading from disk: /assets/textures/pacmanRight.png
17:27:36.269 [FXGL Background Thread 1 ] DEBUG FXGLAssetLoader      - Loading from disk: /assets/textures/pacmanUp.png
17:27:36.270 [FXGL Background Thread 1 ] DEBUG FXGLAssetLoader      - Loading from disk: /assets/textures/pellet.png
17:27:36.298 [JavaFX Application Thread] DEBUG FXGLDisplay          - Showing stage
17:27:36.298 [JavaFX Application Thread] DEBUG FXGLDisplay          - Root size: 1250.0x950.0
17:27:36.298 [JavaFX Application Thread] DEBUG FXGLDisplay          - Scene size: 1250.0x950.0
17:27:36.298 [JavaFX Application Thread] DEBUG FXGLDisplay          - Stage size: 1250.0x950.0
17:27:36.477 [FXGL Background Thread 1 ] DEBUG FXGLAssetLoader      - Loading from cache: /assets/sounds/menu/back.wav
17:27:36.477 [FXGL Background Thread 1 ] DEBUG FXGLAssetLoader      - Loading from cache: /assets/sounds/menu/press.wav
17:27:36.477 [FXGL Background Thread 1 ] DEBUG FXGLAssetLoader      - Loading from cache: /assets/sounds/menu/select.wav
17:27:36.478 [FXGL Background Thread 1 ] DEBUG FXGLAssetLoader      - Loading from cache: /assets/sounds/system/notification.wav
17:27:36.654 [FXGL Background Thread 1 ] DEBUG FXGLAssetLoader      - Loading from disk: /assets/text/level0.txt
17:27:36.827 [FXGL Background Thread 1 ] DEBUG FXGLAssetLoader      - Loading from cache: /assets/ui/fonts/Copperplate_Gothic_Light_Regular.ttf
17:27:37.035 [FXGL Background Thread 1 ] DEBUG FXGLAssetLoader      - Caching complete. Size: 16
17:27:37.036 [FXGL Background Thread 1 ] DEBUG InitAppTask          - Initializing Game
17:27:37.038 [FXGL Background Thread 1 ] DEBUG FXGLAssetLoader      - Loading from cache: /assets/text/level0.txt
17:27:37.054 [FXGL Background Thread 1 ] DEBUG FXGLAssetLoader      - Loading from cache: /assets/textures/wall.png
17:27:37.055 [FXGL Background Thread 1 ] DEBUG FXGLAssetLoader      - Loading from cache: /assets/textures/wall.png
17:27:37.056 [FXGL Background Thread 1 ] DEBUG FXGLAssetLoader      - Loading from cache: /assets/textures/wall.png
17:27:37.057 [FXGL Background Thread 1 ] DEBUG FXGLAssetLoader      - Loading from cache: /assets/textures/wall.png
17:27:37.057 [FXGL Background Thread 1 ] DEBUG FXGLAssetLoader      - Loading from cache: /assets/textures/wall.png
17:27:37.058 [FXGL Background Thread 1 ] DEBUG FXGLAssetLoader      - Loading from cache: /assets/textures/wall.png
17:27:37.059 [FXGL Background Thread 1 ] DEBUG FXGLAssetLoader      - Loading from cache: /assets/textures/wall.png
17:27:37.059 [FXGL Background Thread 1 ] DEBUG FXGLAssetLoader      - Loading from cache: /assets/textures/wall.png
17:27:37.060 [FXGL Background Thread 1 ] DEBUG FXGLAssetLoader      - Loading from cache: /assets/textures/wall.png
17:27:37.060 [FXGL Background Thread 1 ] DEBUG FXGLAssetLoader      - Loading from cache: /assets/textures/wall.png
17:27:37.061 [FXGL Background Thread 1 ] DEBUG FXGLAssetLoader      - Loading from cache: /assets/textures/wall.png
17:27:37.061 [FXGL Background Thread 1 ] DEBUG FXGLAssetLoader      - Loading from cache: /assets/textures/wall.png
17:27:37.062 [FXGL Background Thread 1 ] DEBUG FXGLAssetLoader      - Loading from cache: /assets/textures/wall.png
17:27:37.062 [FXGL Background Thread 1 ] DEBUG FXGLAssetLoader      - Loading from cache: /assets/textures/wall.png
17:27:37.063 [FXGL Background Thread 1 ] DEBUG FXGLAssetLoader      - Loading from cache: /assets/textures/wall.png
17:27:37.063 [FXGL Background Thread 1 ] DEBUG FXGLAssetLoader      - Loading from cache: /assets/textures/wall.png
17:27:37.064 [FXGL Background Thread 1 ] DEBUG FXGLAssetLoader      - Loading from cache: /assets/textures/wall.png
17:27:37.064 [FXGL Background Thread 1 ] DEBUG FXGLAssetLoader      - Loading from cache: /assets/textures/wall.png
17:27:37.065 [FXGL Background Thread 1 ] DEBUG FXGLAssetLoader      - Loading from cache: /assets/textures/wall.png
17:27:37.065 [FXGL Background Thread 1 ] DEBUG FXGLAssetLoader      - Loading from cache: /assets/textures/wall.png
17:27:37.066 [FXGL Background Thread 1 ] DEBUG FXGLAssetLoader      - Loading from cache: /assets/textures/wall.png
17:27:37.066 [FXGL Background Thread 1 ] DEBUG FXGLAssetLoader      - Loading from cache: /assets/textures/pellet.png
17:27:37.067 [FXGL Background Thread 1 ] DEBUG FXGLAssetLoader      - Loading from cache: /assets/textures/pellet.png
17:27:37.067 [FXGL Background Thread 1 ] DEBUG FXGLAssetLoader      - Loading from cache: /assets/textures/wall.png
17:27:37.068 [FXGL Background Thread 1 ] DEBUG FXGLAssetLoader      - Loading from cache: /assets/textures/wall.png
17:27:37.068 [FXGL Background Thread 1 ] DEBUG FXGLAssetLoader      - Loading from cache: /assets/textures/wall.png
17:27:37.069 [FXGL Background Thread 1 ] DEBUG FXGLAssetLoader      - Loading from cache: /assets/textures/wall.png
17:27:37.069 [FXGL Background Thread 1 ] DEBUG FXGLAssetLoader      - Loading from cache: /assets/textures/wall.png
17:27:37.070 [FXGL Background Thread 1 ] DEBUG FXGLAssetLoader      - Loading from cache: /assets/textures/wall.png
17:27:37.070 [FXGL Background Thread 1 ] DEBUG FXGLAssetLoader      - Loading from cache: /assets/textures/pellet.png
17:27:37.070 [FXGL Background Thread 1 ] DEBUG FXGLAssetLoader      - Loading from cache: /assets/textures/pellet.png
17:27:37.071 [FXGL Background Thread 1 ] DEBUG FXGLAssetLoader      - Loading from cache: /assets/textures/wall.png
17:27:37.071 [FXGL Background Thread 1 ] DEBUG FXGLAssetLoader      - Loading from cache: /assets/textures/wall.png
17:27:37.072 [FXGL Background Thread 1 ] DEBUG FXGLAssetLoader      - Loading from cache: /assets/textures/wall.png
17:27:37.072 [FXGL Background Thread 1 ] DEBUG FXGLAssetLoader      - Loading from cache: /assets/textures/wall.png
17:27:37.073 [FXGL Background Thread 1 ] DEBUG FXGLAssetLoader      - Loading from cache: /assets/textures/pellet.png
17:27:37.073 [FXGL Background Thread 1 ] DEBUG FXGLAssetLoader      - Loading from cache: /assets/textures/pellet.png
17:27:37.073 [FXGL Background Thread 1 ] DEBUG FXGLAssetLoader      - Loading from cache: /assets/textures/wall.png
17:27:37.074 [FXGL Background Thread 1 ] DEBUG FXGLAssetLoader      - Loading from cache: /assets/textures/wall.png
17:27:37.074 [FXGL Background Thread 1 ] DEBUG FXGLAssetLoader      - Loading from cache: /assets/textures/wall.png
17:27:37.075 [FXGL Background Thread 1 ] DEBUG FXGLAssetLoader      - Loading from cache: /assets/textures/wall.png
17:27:37.075 [FXGL Background Thread 1 ] DEBUG FXGLAssetLoader      - Loading from cache: /assets/textures/pellet.png
17:27:37.075 [FXGL Background Thread 1 ] DEBUG FXGLAssetLoader      - Loading from cache: /assets/textures/pellet.png
17:27:37.076 [FXGL Background Thread 1 ] DEBUG FXGLAssetLoader      - Loading from cache: /assets/textures/wall.png
17:27:37.076 [FXGL Background Thread 1 ] DEBUG FXGLAssetLoader      - Loading from cache: /assets/textures/wall.png
17:27:37.077 [FXGL Background Thread 1 ] DEBUG FXGLAssetLoader      - Loading from cache: /assets/textures/wall.png
17:27:37.077 [FXGL Background Thread 1 ] DEBUG FXGLAssetLoader      - Loading from cache: /assets/textures/wall.png
17:27:37.078 [FXGL Background Thread 1 ] DEBUG FXGLAssetLoader      - Loading from cache: /assets/textures/wall.png
17:27:37.078 [FXGL Background Thread 1 ] DEBUG FXGLAssetLoader      - Loading from cache: /assets/textures/wall.png
17:27:37.078 [FXGL Background Thread 1 ] DEBUG FXGLAssetLoader      - Loading from cache: /assets/textures/wall.png
17:27:37.079 [FXGL Background Thread 1 ] DEBUG FXGLAssetLoader      - Loading from cache: /assets/textures/wall.png
17:27:37.079 [FXGL Background Thread 1 ] DEBUG FXGLAssetLoader      - Loading from cache: /assets/textures/wall.png
17:27:37.080 [FXGL Background Thread 1 ] DEBUG FXGLAssetLoader      - Loading from cache: /assets/textures/wall.png
17:27:37.080 [FXGL Background Thread 1 ] DEBUG FXGLAssetLoader      - Loading from cache: /assets/textures/wall.png
17:27:37.080 [FXGL Background Thread 1 ] DEBUG FXGLAssetLoader      - Loading from cache: /assets/textures/wall.png
17:27:37.081 [FXGL Background Thread 1 ] DEBUG FXGLAssetLoader      - Loading from cache: /assets/textures/wall.png
17:27:37.081 [FXGL Background Thread 1 ] DEBUG FXGLAssetLoader      - Loading from cache: /assets/textures/wall.png
17:27:37.082 [FXGL Background Thread 1 ] DEBUG FXGLAssetLoader      - Loading from cache: /assets/textures/wall.png
17:27:37.082 [FXGL Background Thread 1 ] DEBUG FXGLAssetLoader      - Loading from cache: /assets/textures/wall.png
17:27:37.083 [FXGL Background Thread 1 ] DEBUG FXGLAssetLoader      - Loading from cache: /assets/textures/wall.png
17:27:37.083 [FXGL Background Thread 1 ] DEBUG FXGLAssetLoader      - Loading from cache: /assets/textures/wall.png
17:27:37.083 [FXGL Background Thread 1 ] DEBUG FXGLAssetLoader      - Loading from cache: /assets/textures/wall.png
17:27:37.084 [FXGL Background Thread 1 ] DEBUG FXGLAssetLoader      - Loading from cache: /assets/textures/wall.png
17:27:37.084 [FXGL Background Thread 1 ] DEBUG FXGLAssetLoader      - Loading from cache: /assets/textures/wall.png
17:27:37.085 [FXGL Background Thread 1 ] DEBUG FXGLAssetLoader      - Loading from cache: /assets/textures/wall.png
17:27:37.085 [FXGL Background Thread 1 ] DEBUG FXGLAssetLoader      - Loading from cache: /assets/textures/wall.png
17:27:37.086 [FXGL Background Thread 1 ] DEBUG FXGLAssetLoader      - Loading from cache: /assets/textures/wall.png
17:27:37.086 [FXGL Background Thread 1 ] DEBUG FXGLAssetLoader      - Loading from cache: /assets/textures/wall.png
17:27:37.086 [FXGL Background Thread 1 ] DEBUG FXGLAssetLoader      - Loading from cache: /assets/textures/wall.png
17:27:37.087 [FXGL Background Thread 1 ] DEBUG FXGLAssetLoader      - Loading from cache: /assets/textures/pacmanRight.png
17:27:37.088 [FXGL Background Thread 1 ] DEBUG FXGLAssetLoader      - Loading from cache: /assets/textures/wall.png
17:27:37.089 [FXGL Background Thread 1 ] DEBUG FXGLAssetLoader      - Loading from cache: /assets/textures/wall.png
17:27:37.089 [FXGL Background Thread 1 ] DEBUG FXGLAssetLoader      - Loading from cache: /assets/textures/wall.png
17:27:37.090 [FXGL Background Thread 1 ] DEBUG FXGLAssetLoader      - Loading from cache: /assets/textures/wall.png
17:27:37.090 [FXGL Background Thread 1 ] DEBUG FXGLAssetLoader      - Loading from cache: /assets/textures/wall.png
17:27:37.090 [FXGL Background Thread 1 ] DEBUG FXGLAssetLoader      - Loading from cache: /assets/textures/wall.png
17:27:37.091 [FXGL Background Thread 1 ] DEBUG FXGLAssetLoader      - Loading from cache: /assets/textures/wall.png
17:27:37.091 [FXGL Background Thread 1 ] DEBUG FXGLAssetLoader      - Loading from cache: /assets/textures/wall.png
17:27:37.092 [FXGL Background Thread 1 ] DEBUG FXGLAssetLoader      - Loading from cache: /assets/textures/wall.png
17:27:37.092 [FXGL Background Thread 1 ] DEBUG FXGLAssetLoader      - Loading from cache: /assets/textures/wall.png
17:27:37.092 [FXGL Background Thread 1 ] DEBUG FXGLAssetLoader      - Loading from cache: /assets/textures/wall.png
17:27:37.093 [FXGL Background Thread 1 ] DEBUG FXGLAssetLoader      - Loading from cache: /assets/textures/wall.png
17:27:37.093 [FXGL Background Thread 1 ] DEBUG FXGLAssetLoader      - Loading from cache: /assets/textures/wall.png
17:27:37.093 [FXGL Background Thread 1 ] DEBUG FXGLAssetLoader      - Loading from cache: /assets/textures/wall.png
17:27:37.094 [FXGL Background Thread 1 ] DEBUG FXGLAssetLoader      - Loading from cache: /assets/textures/wall.png
17:27:37.094 [FXGL Background Thread 1 ] DEBUG FXGLAssetLoader      - Loading from cache: /assets/textures/wall.png
17:27:37.094 [FXGL Background Thread 1 ] DEBUG FXGLAssetLoader      - Loading from cache: /assets/textures/wall.png
17:27:37.095 [FXGL Background Thread 1 ] DEBUG FXGLAssetLoader      - Loading from cache: /assets/textures/wall.png
17:27:37.095 [FXGL Background Thread 1 ] DEBUG FXGLAssetLoader      - Loading from cache: /assets/textures/wall.png
17:27:37.095 [FXGL Background Thread 1 ] DEBUG FXGLAssetLoader      - Loading from cache: /assets/textures/wall.png
17:27:37.096 [FXGL Background Thread 1 ] DEBUG FXGLAssetLoader      - Loading from cache: /assets/textures/wall.png
17:27:37.096 [FXGL Background Thread 1 ] DEBUG FXGLAssetLoader      - Loading from cache: /assets/textures/wall.png
17:27:37.097 [FXGL Background Thread 1 ] DEBUG FXGLAssetLoader      - Loading from cache: /assets/textures/wall.png
17:27:37.097 [FXGL Background Thread 1 ] DEBUG GameWorld            - Resetting game world
17:27:37.097 [FXGL Background Thread 1 ] TRACE EntityWorld          - Resetting entity world
17:27:37.097 [FXGL Background Thread 1 ] DEBUG PhysicsWorld         - Resetting physics world
17:27:37.097 [FXGL Background Thread 1 ] DEBUG GameScene            - Resetting game scene
17:27:37.097 [FXGL Background Thread 1 ] DEBUG GameWorld            - Setting level: com.almasb.fxgl.gameplay.Level@66f63994
17:27:37.099 [FXGL Background Thread 1 ] DEBUG InitAppTask          - Initializing Physics
17:27:37.100 [FXGL Background Thread 1 ] DEBUG InitAppTask          - Initializing UI
17:27:37.101 [FXGL Background Thread 1 ] DEBUG GameScene            - Adding UI node: Text[text="PACMAN", x=0.0, y=0.0, alignment=LEFT, origin=BASELINE, boundsType=LOGICAL, font=Font[name=System Regular, family=System, style=Regular, size=36.0], fontSmoothingType=GRAY, fill=0x008000ff]
17:27:37.101 [FXGL Background Thread 1 ] DEBUG GameScene            - Adding UI node: Text[text="Score: 0", x=0.0, y=0.0, alignment=LEFT, origin=BASELINE, boundsType=LOGICAL, font=Font[name=System Regular, family=System, style=Regular, size=36.0], fontSmoothingType=GRAY, fill=0x7fffd4ff]
17:27:37.101 [FXGL Background Thread 1 ] DEBUG InitAppTask          - Initialization Complete
17:27:37.102 [JavaFX Application Thread] DEBUG FXGLInput            - Clearing active input actions
17:27:37.103 [JavaFX Application Thread] DEBUG FXGLMasterTimer      - Starting master timer
17:27:37.103 [JavaFX Application Thread] DEBUG GameApplication      - State: LOADING -> PLAYING
17:27:37.106 [JavaFX Application Thread] DEBUG FXGLEventBus         - Firing event: FXGLEvent[type=RESUME]
17:27:37.149 [JavaFX Application Thread] DEBUG GameScene            - Entity added to scene
17:27:37.149 [JavaFX Application Thread] DEBUG GameScene            - Added MainViewComponent
17:27:37.150 [JavaFX Application Thread] DEBUG GameScene            - Creating render group for layer: TOP(2147483647)
17:27:37.152 [JavaFX Application Thread] DEBUG GameScene            - Entity added to scene
17:27:37.153 [JavaFX Application Thread] DEBUG GameScene            - Added MainViewComponent
17:27:37.153 [JavaFX Application Thread] DEBUG GameScene            - Entity added to scene
17:27:37.153 [JavaFX Application Thread] DEBUG GameScene            - Added MainViewComponent
17:27:37.153 [JavaFX Application Thread] DEBUG GameScene            - Entity added to scene
17:27:37.153 [JavaFX Application Thread] DEBUG GameScene            - Added MainViewComponent
17:27:37.154 [JavaFX Application Thread] DEBUG GameScene            - Entity added to scene
17:27:37.154 [JavaFX Application Thread] DEBUG GameScene            - Added MainViewComponent
17:27:37.154 [JavaFX Application Thread] DEBUG GameScene            - Entity added to scene
17:27:37.154 [JavaFX Application Thread] DEBUG GameScene            - Added MainViewComponent
17:27:37.154 [JavaFX Application Thread] DEBUG GameScene            - Entity added to scene
17:27:37.154 [JavaFX Application Thread] DEBUG GameScene            - Added MainViewComponent
17:27:37.155 [JavaFX Application Thread] DEBUG GameScene            - Entity added to scene
17:27:37.155 [JavaFX Application Thread] DEBUG GameScene            - Added MainViewComponent
17:27:37.155 [JavaFX Application Thread] DEBUG GameScene            - Entity added to scene
17:27:37.155 [JavaFX Application Thread] DEBUG GameScene            - Added MainViewComponent
17:27:37.155 [JavaFX Application Thread] DEBUG GameScene            - Entity added to scene
17:27:37.155 [JavaFX Application Thread] DEBUG GameScene            - Added MainViewComponent
17:27:37.156 [JavaFX Application Thread] DEBUG GameScene            - Entity added to scene
17:27:37.156 [JavaFX Application Thread] DEBUG GameScene            - Added MainViewComponent
17:27:37.156 [JavaFX Application Thread] DEBUG GameScene            - Entity added to scene
17:27:37.156 [JavaFX Application Thread] DEBUG GameScene            - Added MainViewComponent
17:27:37.157 [JavaFX Application Thread] DEBUG GameScene            - Entity added to scene
17:27:37.157 [JavaFX Application Thread] DEBUG GameScene            - Added MainViewComponent
17:27:37.157 [JavaFX Application Thread] DEBUG GameScene            - Entity added to scene
17:27:37.157 [JavaFX Application Thread] DEBUG GameScene            - Added MainViewComponent
17:27:37.157 [JavaFX Application Thread] DEBUG GameScene            - Entity added to scene
17:27:37.157 [JavaFX Application Thread] DEBUG GameScene            - Added MainViewComponent
17:27:37.158 [JavaFX Application Thread] DEBUG GameScene            - Entity added to scene
17:27:37.158 [JavaFX Application Thread] DEBUG GameScene            - Added MainViewComponent
17:27:37.158 [JavaFX Application Thread] DEBUG GameScene            - Entity added to scene
17:27:37.158 [JavaFX Application Thread] DEBUG GameScene            - Added MainViewComponent
17:27:37.158 [JavaFX Application Thread] DEBUG GameScene            - Entity added to scene
17:27:37.158 [JavaFX Application Thread] DEBUG GameScene            - Added MainViewComponent
17:27:37.159 [JavaFX Application Thread] DEBUG GameScene            - Entity added to scene
17:27:37.159 [JavaFX Application Thread] DEBUG GameScene            - Added MainViewComponent
17:27:37.159 [JavaFX Application Thread] DEBUG GameScene            - Entity added to scene
17:27:37.159 [JavaFX Application Thread] DEBUG GameScene            - Added MainViewComponent
17:27:37.159 [JavaFX Application Thread] DEBUG GameScene            - Entity added to scene
17:27:37.159 [JavaFX Application Thread] DEBUG GameScene            - Added MainViewComponent
17:27:37.160 [JavaFX Application Thread] DEBUG GameScene            - Entity added to scene
17:27:37.160 [JavaFX Application Thread] DEBUG GameScene            - Added MainViewComponent
17:27:37.160 [JavaFX Application Thread] DEBUG GameScene            - Entity added to scene
17:27:37.160 [JavaFX Application Thread] DEBUG GameScene            - Added MainViewComponent
17:27:37.160 [JavaFX Application Thread] DEBUG GameScene            - Entity added to scene
17:27:37.160 [JavaFX Application Thread] DEBUG GameScene            - Added MainViewComponent
17:27:37.161 [JavaFX Application Thread] DEBUG GameScene            - Entity added to scene
17:27:37.161 [JavaFX Application Thread] DEBUG GameScene            - Added MainViewComponent
17:27:37.161 [JavaFX Application Thread] DEBUG GameScene            - Entity added to scene
17:27:37.161 [JavaFX Application Thread] DEBUG GameScene            - Added MainViewComponent
17:27:37.161 [JavaFX Application Thread] DEBUG GameScene            - Entity added to scene
17:27:37.161 [JavaFX Application Thread] DEBUG GameScene            - Added MainViewComponent
17:27:37.162 [JavaFX Application Thread] DEBUG GameScene            - Entity added to scene
17:27:37.162 [JavaFX Application Thread] DEBUG GameScene            - Added MainViewComponent
17:27:37.162 [JavaFX Application Thread] DEBUG GameScene            - Entity added to scene
17:27:37.162 [JavaFX Application Thread] DEBUG GameScene            - Added MainViewComponent
17:27:37.162 [JavaFX Application Thread] DEBUG GameScene            - Entity added to scene
17:27:37.162 [JavaFX Application Thread] DEBUG GameScene            - Added MainViewComponent
17:27:37.163 [JavaFX Application Thread] DEBUG GameScene            - Entity added to scene
17:27:37.163 [JavaFX Application Thread] DEBUG GameScene            - Added MainViewComponent
17:27:37.163 [JavaFX Application Thread] DEBUG GameScene            - Entity added to scene
17:27:37.163 [JavaFX Application Thread] DEBUG GameScene            - Added MainViewComponent
17:27:37.163 [JavaFX Application Thread] DEBUG GameScene            - Entity added to scene
17:27:37.163 [JavaFX Application Thread] DEBUG GameScene            - Added MainViewComponent
17:27:37.164 [JavaFX Application Thread] DEBUG GameScene            - Entity added to scene
17:27:37.164 [JavaFX Application Thread] DEBUG GameScene            - Added MainViewComponent
17:27:37.164 [JavaFX Application Thread] DEBUG GameScene            - Entity added to scene
17:27:37.164 [JavaFX Application Thread] DEBUG GameScene            - Added MainViewComponent
17:27:37.164 [JavaFX Application Thread] DEBUG GameScene            - Entity added to scene
17:27:37.164 [JavaFX Application Thread] DEBUG GameScene            - Added MainViewComponent
17:27:37.165 [JavaFX Application Thread] DEBUG GameScene            - Entity added to scene
17:27:37.165 [JavaFX Application Thread] DEBUG GameScene            - Added MainViewComponent
17:27:37.165 [JavaFX Application Thread] DEBUG GameScene            - Entity added to scene
17:27:37.165 [JavaFX Application Thread] DEBUG GameScene            - Added MainViewComponent
17:27:37.165 [JavaFX Application Thread] DEBUG GameScene            - Entity added to scene
17:27:37.165 [JavaFX Application Thread] DEBUG GameScene            - Added MainViewComponent
17:27:37.165 [JavaFX Application Thread] DEBUG GameScene            - Entity added to scene
17:27:37.165 [JavaFX Application Thread] DEBUG GameScene            - Added MainViewComponent
17:27:37.166 [JavaFX Application Thread] DEBUG GameScene            - Entity added to scene
17:27:37.166 [JavaFX Application Thread] DEBUG GameScene            - Added MainViewComponent
17:27:37.166 [JavaFX Application Thread] DEBUG GameScene            - Entity added to scene
17:27:37.166 [JavaFX Application Thread] DEBUG GameScene            - Added MainViewComponent
17:27:37.166 [JavaFX Application Thread] DEBUG GameScene            - Entity added to scene
17:27:37.166 [JavaFX Application Thread] DEBUG GameScene            - Added MainViewComponent
17:27:37.167 [JavaFX Application Thread] DEBUG GameScene            - Entity added to scene
17:27:37.167 [JavaFX Application Thread] DEBUG GameScene            - Added MainViewComponent
17:27:37.167 [JavaFX Application Thread] DEBUG GameScene            - Entity added to scene
17:27:37.167 [JavaFX Application Thread] DEBUG GameScene            - Added MainViewComponent
17:27:37.167 [JavaFX Application Thread] DEBUG GameScene            - Entity added to scene
17:27:37.167 [JavaFX Application Thread] DEBUG GameScene            - Added MainViewComponent
17:27:37.167 [JavaFX Application Thread] DEBUG GameScene            - Entity added to scene
17:27:37.167 [JavaFX Application Thread] DEBUG GameScene            - Added MainViewComponent
17:27:37.168 [JavaFX Application Thread] DEBUG GameScene            - Entity added to scene
17:27:37.168 [JavaFX Application Thread] DEBUG GameScene            - Added MainViewComponent
17:27:37.168 [JavaFX Application Thread] DEBUG GameScene            - Entity added to scene
17:27:37.168 [JavaFX Application Thread] DEBUG GameScene            - Added MainViewComponent
17:27:37.168 [JavaFX Application Thread] DEBUG GameScene            - Entity added to scene
17:27:37.168 [JavaFX Application Thread] DEBUG GameScene            - Added MainViewComponent
17:27:37.168 [JavaFX Application Thread] DEBUG GameScene            - Entity added to scene
17:27:37.168 [JavaFX Application Thread] DEBUG GameScene            - Added MainViewComponent
17:27:37.169 [JavaFX Application Thread] DEBUG GameScene            - Entity added to scene
17:27:37.169 [JavaFX Application Thread] DEBUG GameScene            - Added MainViewComponent
17:27:37.169 [JavaFX Application Thread] DEBUG GameScene            - Entity added to scene
17:27:37.169 [JavaFX Application Thread] DEBUG GameScene            - Added MainViewComponent
17:27:37.169 [JavaFX Application Thread] DEBUG GameScene            - Entity added to scene
17:27:37.169 [JavaFX Application Thread] DEBUG GameScene            - Added MainViewComponent
17:27:37.169 [JavaFX Application Thread] DEBUG GameScene            - Entity added to scene
17:27:37.170 [JavaFX Application Thread] DEBUG GameScene            - Added MainViewComponent
17:27:37.170 [JavaFX Application Thread] DEBUG GameScene            - Entity added to scene
17:27:37.170 [JavaFX Application Thread] DEBUG GameScene            - Added MainViewComponent
17:27:37.170 [JavaFX Application Thread] DEBUG GameScene            - Entity added to scene
17:27:37.170 [JavaFX Application Thread] DEBUG GameScene            - Added MainViewComponent
17:27:37.170 [JavaFX Application Thread] DEBUG GameScene            - Entity added to scene
17:27:37.170 [JavaFX Application Thread] DEBUG GameScene            - Added MainViewComponent
17:27:37.170 [JavaFX Application Thread] DEBUG GameScene            - Entity added to scene
17:27:37.170 [JavaFX Application Thread] DEBUG GameScene            - Added MainViewComponent
17:27:37.171 [JavaFX Application Thread] DEBUG GameScene            - Entity added to scene
17:27:37.171 [JavaFX Application Thread] DEBUG GameScene            - Added MainViewComponent
17:27:37.171 [JavaFX Application Thread] DEBUG GameScene            - Entity added to scene
17:27:37.171 [JavaFX Application Thread] DEBUG GameScene            - Added MainViewComponent
17:27:37.171 [JavaFX Application Thread] DEBUG GameScene            - Entity added to scene
17:27:37.171 [JavaFX Application Thread] DEBUG GameScene            - Added MainViewComponent
17:27:37.172 [JavaFX Application Thread] DEBUG GameScene            - Entity added to scene
17:27:37.172 [JavaFX Application Thread] DEBUG GameScene            - Added MainViewComponent
17:27:37.172 [JavaFX Application Thread] DEBUG GameScene            - Entity added to scene
17:27:37.172 [JavaFX Application Thread] DEBUG GameScene            - Added MainViewComponent
17:27:37.172 [JavaFX Application Thread] DEBUG GameScene            - Entity added to scene
17:27:37.172 [JavaFX Application Thread] DEBUG GameScene            - Added MainViewComponent
17:27:37.173 [JavaFX Application Thread] DEBUG GameScene            - Entity added to scene
17:27:37.173 [JavaFX Application Thread] DEBUG GameScene            - Added MainViewComponent
17:27:37.173 [JavaFX Application Thread] DEBUG GameScene            - Entity added to scene
17:27:37.173 [JavaFX Application Thread] DEBUG GameScene            - Added MainViewComponent
17:27:37.173 [JavaFX Application Thread] DEBUG GameScene            - Entity added to scene
17:27:37.173 [JavaFX Application Thread] DEBUG GameScene            - Added MainViewComponent
17:27:37.173 [JavaFX Application Thread] DEBUG GameScene            - Entity added to scene
17:27:37.173 [JavaFX Application Thread] DEBUG GameScene            - Added MainViewComponent
17:27:37.174 [JavaFX Application Thread] DEBUG GameScene            - Entity added to scene
17:27:37.174 [JavaFX Application Thread] DEBUG GameScene            - Added MainViewComponent
17:27:37.174 [JavaFX Application Thread] DEBUG GameScene            - Entity added to scene
17:27:37.174 [JavaFX Application Thread] DEBUG GameScene            - Added MainViewComponent
17:27:37.174 [JavaFX Application Thread] DEBUG GameScene            - Entity added to scene
17:27:37.174 [JavaFX Application Thread] DEBUG GameScene            - Added MainViewComponent
17:27:37.175 [JavaFX Application Thread] DEBUG GameScene            - Entity added to scene
17:27:37.175 [JavaFX Application Thread] DEBUG GameScene            - Added MainViewComponent
17:27:37.175 [JavaFX Application Thread] DEBUG GameScene            - Entity added to scene
17:27:37.175 [JavaFX Application Thread] DEBUG GameScene            - Added MainViewComponent
17:27:37.175 [JavaFX Application Thread] DEBUG GameScene            - Entity added to scene
17:27:37.175 [JavaFX Application Thread] DEBUG GameScene            - Added MainViewComponent
17:27:37.175 [JavaFX Application Thread] DEBUG GameScene            - Entity added to scene
17:27:37.175 [JavaFX Application Thread] DEBUG GameScene            - Added MainViewComponent
17:27:37.176 [JavaFX Application Thread] DEBUG GameScene            - Entity added to scene
17:27:37.176 [JavaFX Application Thread] DEBUG GameScene            - Added MainViewComponent
17:27:37.176 [JavaFX Application Thread] DEBUG GameScene            - Entity added to scene
17:27:37.176 [JavaFX Application Thread] DEBUG GameScene            - Added MainViewComponent
17:27:37.176 [JavaFX Application Thread] DEBUG GameScene            - Entity added to scene
17:27:37.176 [JavaFX Application Thread] DEBUG GameScene            - Added MainViewComponent
17:27:37.177 [JavaFX Application Thread] DEBUG GameScene            - Entity added to scene
17:27:37.177 [JavaFX Application Thread] DEBUG GameScene            - Added MainViewComponent
17:27:37.177 [JavaFX Application Thread] DEBUG GameScene            - Entity added to scene
17:27:37.177 [JavaFX Application Thread] DEBUG GameScene            - Added MainViewComponent
17:27:37.177 [JavaFX Application Thread] DEBUG GameScene            - Entity added to scene
17:27:37.177 [JavaFX Application Thread] DEBUG GameScene            - Added MainViewComponent
17:27:37.177 [JavaFX Application Thread] DEBUG GameScene            - Entity added to scene
17:27:37.177 [JavaFX Application Thread] DEBUG GameScene            - Added MainViewComponent
17:27:37.178 [JavaFX Application Thread] DEBUG GameScene            - Entity added to scene
17:27:37.178 [JavaFX Application Thread] DEBUG GameScene            - Added MainViewComponent
17:27:37.178 [JavaFX Application Thread] DEBUG GameScene            - Entity added to scene
17:27:37.178 [JavaFX Application Thread] DEBUG GameScene            - Added MainViewComponent
17:27:37.178 [JavaFX Application Thread] DEBUG GameScene            - Entity added to scene
17:27:37.178 [JavaFX Application Thread] DEBUG GameScene            - Added MainViewComponent
17:27:37.178 [JavaFX Application Thread] DEBUG GameScene            - Entity added to scene
17:27:37.178 [JavaFX Application Thread] DEBUG GameScene            - Added MainViewComponent
17:27:37.178 [JavaFX Application Thread] DEBUG GameScene            - Entity added to scene
17:27:37.178 [JavaFX Application Thread] DEBUG GameScene            - Added MainViewComponent
17:27:37.179 [JavaFX Application Thread] DEBUG GameScene            - Entity added to scene
17:27:37.179 [JavaFX Application Thread] DEBUG GameScene            - Added MainViewComponent
17:27:37.179 [JavaFX Application Thread] DEBUG GameScene            - Entity added to scene
17:27:37.179 [JavaFX Application Thread] DEBUG GameScene            - Added MainViewComponent
17:27:37.179 [JavaFX Application Thread] DEBUG GameScene            - Entity added to scene
17:27:37.179 [JavaFX Application Thread] DEBUG GameScene            - Added MainViewComponent
17:27:37.179 [JavaFX Application Thread] DEBUG GameScene            - Entity added to scene
17:27:37.179 [JavaFX Application Thread] DEBUG GameScene            - Added MainViewComponent
17:27:37.180 [JavaFX Application Thread] DEBUG GameScene            - Entity added to scene
17:27:37.180 [JavaFX Application Thread] DEBUG GameScene            - Added MainViewComponent
17:27:37.180 [JavaFX Application Thread] DEBUG GameScene            - Entity added to scene
17:27:37.180 [JavaFX Application Thread] DEBUG GameScene            - Entity added to scene
17:27:37.180 [JavaFX Application Thread] DEBUG GameScene            - Added MainViewComponent
17:27:37.180 [JavaFX Application Thread] DEBUG GameScene            - Creating render group for layer: BACKGROUND(1000)
17:27:37.327 [JavaFX Application Thread] DEBUG FXGLAssetLoader      - Loading from cache: /assets/textures/pacmanRight.png
17:27:37.494 [JavaFX Application Thread] DEBUG FXGLAssetLoader      - Loading from cache: /assets/textures/pacman2Right.png
17:27:37.660 [JavaFX Application Thread] DEBUG FXGLAssetLoader      - Loading from cache: /assets/textures/pacmanRight.png
17:27:37.826 [JavaFX Application Thread] DEBUG FXGLAssetLoader      - Loading from cache: /assets/textures/pacman2Right.png
17:27:37.993 [JavaFX Application Thread] DEBUG FXGLAssetLoader      - Loading from cache: /assets/textures/pacmanRight.png
17:27:38.159 [JavaFX Application Thread] DEBUG FXGLAssetLoader      - Loading from cache: /assets/textures/pacman2Right.png
17:27:38.326 [JavaFX Application Thread] DEBUG FXGLAssetLoader      - Loading from cache: /assets/textures/pacmanRight.png
17:27:38.492 [JavaFX Application Thread] DEBUG FXGLAssetLoader      - Loading from cache: /assets/textures/pacman2Right.png
17:27:38.658 [JavaFX Application Thread] DEBUG FXGLAssetLoader      - Loading from cache: /assets/textures/pacmanRight.png
17:27:38.825 [JavaFX Application Thread] DEBUG FXGLAssetLoader      - Loading from cache: /assets/textures/pacman2Right.png
17:27:38.990 [JavaFX Application Thread] DEBUG FXGLAssetLoader      - Loading from cache: /assets/textures/pacmanRight.png
17:27:39.157 [JavaFX Application Thread] DEBUG FXGLAssetLoader      - Loading from cache: /assets/textures/pacman2Right.png
17:27:39.324 [JavaFX Application Thread] DEBUG FXGLAssetLoader      - Loading from cache: /assets/textures/pacmanRight.png
17:27:39.490 [JavaFX Application Thread] DEBUG FXGLAssetLoader      - Loading from cache: /assets/textures/pacman2Right.png
17:27:39.657 [JavaFX Application Thread] DEBUG FXGLAssetLoader      - Loading from cache: /assets/textures/pacmanRight.png
17:27:39.823 [JavaFX Application Thread] DEBUG FXGLAssetLoader      - Loading from cache: /assets/textures/pacman2Right.png
17:27:39.990 [JavaFX Application Thread] DEBUG FXGLAssetLoader      - Loading from cache: /assets/textures/pacmanRight.png
17:27:40.157 [JavaFX Application Thread] DEBUG FXGLAssetLoader      - Loading from cache: /assets/textures/pacman2Right.png
17:27:40.323 [JavaFX Application Thread] DEBUG FXGLAssetLoader      - Loading from cache: /assets/textures/pacmanRight.png
17:27:40.490 [JavaFX Application Thread] DEBUG FXGLAssetLoader      - Loading from cache: /assets/textures/pacman2Right.png
17:27:40.656 [JavaFX Application Thread] DEBUG FXGLAssetLoader      - Loading from cache: /assets/textures/pacmanRight.png
17:27:40.823 [JavaFX Application Thread] DEBUG FXGLAssetLoader      - Loading from cache: /assets/textures/pacman2Right.png
17:27:40.990 [JavaFX Application Thread] DEBUG FXGLAssetLoader      - Loading from cache: /assets/textures/pacmanRight.png
17:27:41.156 [JavaFX Application Thread] DEBUG FXGLAssetLoader      - Loading from cache: /assets/textures/pacman2Right.png
17:27:41.323 [JavaFX Application Thread] DEBUG FXGLAssetLoader      - Loading from cache: /assets/textures/pacmanRight.png
17:27:41.490 [JavaFX Application Thread] DEBUG FXGLAssetLoader      - Loading from cache: /assets/textures/pacman2Right.png
17:27:41.656 [JavaFX Application Thread] DEBUG FXGLAssetLoader      - Loading from cache: /assets/textures/pacmanRight.png
17:27:41.823 [JavaFX Application Thread] DEBUG FXGLAssetLoader      - Loading from cache: /assets/textures/pacman2Right.png
17:27:42.002 [JavaFX Application Thread] DEBUG FXGLAssetLoader      - Loading from cache: /assets/textures/pacmanRight.png
17:27:42.152 [JavaFX Application Thread] DEBUG FXGLAssetLoader      - Loading from cache: /assets/textures/pacman2Right.png
17:27:42.319 [JavaFX Application Thread] DEBUG FXGLAssetLoader      - Loading from cache: /assets/textures/pacmanRight.png
17:27:42.485 [JavaFX Application Thread] DEBUG FXGLAssetLoader      - Loading from cache: /assets/textures/pacman2Right.png
17:27:42.652 [JavaFX Application Thread] DEBUG FXGLAssetLoader      - Loading from cache: /assets/textures/pacmanRight.png
17:27:42.818 [JavaFX Application Thread] DEBUG FXGLAssetLoader      - Loading from cache: /assets/textures/pacman2Right.png
